#
# There is insufficient memory for the Java Runtime Environment to continue.
# Native memory allocation (mmap) failed to map 2446327808 bytes for committing reserved memory.
# Possible reasons:
#   The system is out of physical RAM or swap space
#   In 32 bit mode, the process size limit was hit
# Possible solutions:
#   Reduce memory load on the system
#   Increase physical memory or swap space
#   Check if swap backing store is full
#   Use 64 bit Java on a 64 bit OS
#   Decrease Java heap size (-Xmx/-Xms)
#   Decrease number of Java threads
#   Decrease Java thread stack sizes (-Xss)
#   Set larger code cache with -XX:ReservedCodeCacheSize=
# This output file may be truncated or incomplete.
#
#  Out of Memory Error (os_linux.cpp:2640), pid=11460, tid=0x00007f331a6a2700
#
# JRE version:  (8.0_171-b11) (build )
# Java VM: Java HotSpot(TM) 64-Bit Server VM (25.171-b11 mixed mode linux-amd64 compressed oops)
# Failed to write core dump. Core dumps have been disabled. To enable core dumping, try "ulimit -c unlimited" before starting Java again
#

---------------  T H R E A D  ---------------

Current thread (0x00007f331400a800):  JavaThread "Unknown thread" [_thread_in_vm, id=11465, stack(0x00007f331a5a2000,0x00007f331a6a3000)]

Stack: [0x00007f331a5a2000,0x00007f331a6a3000],  sp=0x00007f331a6a1400,  free space=1021k
Native frames: (J=compiled Java code, j=interpreted, Vv=VM code, C=native code)
V  [libjvm.so+0xacfffa]  VMError::report_and_die()+0x2ba
V  [libjvm.so+0x5005cb]  report_vm_out_of_memory(char const*, int, unsigned long, VMErrorType, char const*)+0x8b
V  [libjvm.so+0x92dd93]  os::Linux::commit_memory_impl(char*, unsigned long, bool)+0x123
V  [libjvm.so+0x92dfb9]  os::pd_commit_memory(char*, unsigned long, unsigned long, bool)+0x29
V  [libjvm.so+0x92527a]  os::commit_memory(char*, unsigned long, unsigned long, bool)+0x2a
V  [libjvm.so+0x99b223]  PSVirtualSpace::expand_by(unsigned long)+0x53
V  [libjvm.so+0x99c1e5]  PSYoungGen::initialize_virtual_space(ReservedSpace, unsigned long)+0x75
V  [libjvm.so+0x99cb4e]  PSYoungGen::initialize(ReservedSpace, unsigned long)+0x3e
V  [libjvm.so+0x2db2c5]  AdjoiningGenerations::AdjoiningGenerations(ReservedSpace, GenerationSizer*, unsigned long)+0x345
V  [libjvm.so+0x94f366]  ParallelScavengeHeap::initialize()+0x1d6
V  [libjvm.so+0xa98033]  Universe::initialize_heap()+0xf3
V  [libjvm.so+0xa9859e]  universe_init()+0x3e
V  [libjvm.so+0x642105]  init_globals()+0x65
V  [libjvm.so+0xa7cd4e]  Threads::create_vm(JavaVMInitArgs*, bool*)+0x23e
V  [libjvm.so+0x6d6e44]  JNI_CreateJavaVM+0x74
C  [libjli.so+0x797e]  JavaMain+0x9e
C  [libpthread.so.0+0x76ba]  start_thread+0xca


---------------  P R O C E S S  ---------------

Java Threads: ( => current thread )

Other Threads:

=>0x00007f331400a800 (exited) JavaThread "Unknown thread" [_thread_in_vm, id=11465, stack(0x00007f331a5a2000,0x00007f331a6a3000)]

VM state:not at safepoint (not fully initialized)

VM Mutex/Monitor currently owned by a thread: None

GC Heap History (0 events):
No events

Deoptimization events (0 events):
No events

Classes redefined (0 events):
No events

Internal exceptions (0 events):
No events

Events (0 events):
No events


Dynamic libraries:
00400000-00401000 r-xp 00000000 08:05 10232766                           /usr/lib/jvm/java-8-oracle/bin/java
00600000-00601000 rw-p 00000000 08:05 10232766                           /usr/lib/jvm/java-8-oracle/bin/java
0258c000-025ad000 rw-p 00000000 00:00 0                                  [heap]
60a800000-72e300000 ---p 00000000 00:00 0 
7f330329f000-7f3303437000 rw-p 00000000 00:00 0 
7f3303437000-7f33041e3000 ---p 00000000 00:00 0 
7f33041e3000-7f33041ee000 rw-p 00000000 00:00 0 
7f33041ee000-7f33045a4000 ---p 00000000 00:00 0 
7f33045a4000-7f3304814000 rwxp 00000000 00:00 0 
7f3304814000-7f33135a4000 ---p 00000000 00:00 0 
7f33135a4000-7f33135bf000 r-xp 00000000 08:05 2885504                    /usr/lib/jvm/java-8-oracle/jre/lib/amd64/libzip.so
7f33135bf000-7f33137bf000 ---p 0001b000 08:05 2885504                    /usr/lib/jvm/java-8-oracle/jre/lib/amd64/libzip.so
7f33137bf000-7f33137c0000 rw-p 0001b000 08:05 2885504                    /usr/lib/jvm/java-8-oracle/jre/lib/amd64/libzip.so
7f33137c0000-7f33137cb000 r-xp 00000000 08:05 6689618                    /lib/x86_64-linux-gnu/libnss_files-2.23.so
7f33137cb000-7f33139ca000 ---p 0000b000 08:05 6689618                    /lib/x86_64-linux-gnu/libnss_files-2.23.so
7f33139ca000-7f33139cb000 r--p 0000a000 08:05 6689618                    /lib/x86_64-linux-gnu/libnss_files-2.23.so
7f33139cb000-7f33139cc000 rw-p 0000b000 08:05 6689618                    /lib/x86_64-linux-gnu/libnss_files-2.23.so
7f33139cc000-7f33139d2000 rw-p 00000000 00:00 0 
7f33139d2000-7f33139dd000 r-xp 00000000 08:05 6689622                    /lib/x86_64-linux-gnu/libnss_nis-2.23.so
7f33139dd000-7f3313bdc000 ---p 0000b000 08:05 6689622                    /lib/x86_64-linux-gnu/libnss_nis-2.23.so
7f3313bdc000-7f3313bdd000 r--p 0000a000 08:05 6689622                    /lib/x86_64-linux-gnu/libnss_nis-2.23.so
7f3313bdd000-7f3313bde000 rw-p 0000b000 08:05 6689622                    /lib/x86_64-linux-gnu/libnss_nis-2.23.so
7f3313bde000-7f3313bf4000 r-xp 00000000 08:05 6689426                    /lib/x86_64-linux-gnu/libnsl-2.23.so
7f3313bf4000-7f3313df3000 ---p 00016000 08:05 6689426                    /lib/x86_64-linux-gnu/libnsl-2.23.so
7f3313df3000-7f3313df4000 r--p 00015000 08:05 6689426                    /lib/x86_64-linux-gnu/libnsl-2.23.so
7f3313df4000-7f3313df5000 rw-p 00016000 08:05 6689426                    /lib/x86_64-linux-gnu/libnsl-2.23.so
7f3313df5000-7f3313df7000 rw-p 00000000 00:00 0 
7f3313df7000-7f3313dff000 r-xp 00000000 08:05 6689613                    /lib/x86_64-linux-gnu/libnss_compat-2.23.so
7f3313dff000-7f3313ffe000 ---p 00008000 08:05 6689613                    /lib/x86_64-linux-gnu/libnss_compat-2.23.so
7f3313ffe000-7f3313fff000 r--p 00007000 08:05 6689613                    /lib/x86_64-linux-gnu/libnss_compat-2.23.so
7f3313fff000-7f3314000000 rw-p 00008000 08:05 6689613                    /lib/x86_64-linux-gnu/libnss_compat-2.23.so
7f3314000000-7f3314034000 rw-p 00000000 00:00 0 
7f3314034000-7f3318000000 ---p 00000000 00:00 0 
7f3318064000-7f3318154000 rw-p 00000000 00:00 0 
7f3318154000-7f331817f000 r-xp 00000000 08:05 2885498                    /usr/lib/jvm/java-8-oracle/jre/lib/amd64/libjava.so
7f331817f000-7f331837e000 ---p 0002b000 08:05 2885498                    /usr/lib/jvm/java-8-oracle/jre/lib/amd64/libjava.so
7f331837e000-7f3318380000 rw-p 0002a000 08:05 2885498                    /usr/lib/jvm/java-8-oracle/jre/lib/amd64/libjava.so
7f3318380000-7f331838d000 r-xp 00000000 08:05 2885503                    /usr/lib/jvm/java-8-oracle/jre/lib/amd64/libverify.so
7f331838d000-7f331858d000 ---p 0000d000 08:05 2885503                    /usr/lib/jvm/java-8-oracle/jre/lib/amd64/libverify.so
7f331858d000-7f331858f000 rw-p 0000d000 08:05 2885503                    /usr/lib/jvm/java-8-oracle/jre/lib/amd64/libverify.so
7f331858f000-7f3318596000 r-xp 00000000 08:05 6689623                    /lib/x86_64-linux-gnu/librt-2.23.so
7f3318596000-7f3318795000 ---p 00007000 08:05 6689623                    /lib/x86_64-linux-gnu/librt-2.23.so
7f3318795000-7f3318796000 r--p 00006000 08:05 6689623                    /lib/x86_64-linux-gnu/librt-2.23.so
7f3318796000-7f3318797000 rw-p 00007000 08:05 6689623                    /lib/x86_64-linux-gnu/librt-2.23.so
7f3318797000-7f331889f000 r-xp 00000000 08:05 6689253                    /lib/x86_64-linux-gnu/libm-2.23.so
7f331889f000-7f3318a9e000 ---p 00108000 08:05 6689253                    /lib/x86_64-linux-gnu/libm-2.23.so
7f3318a9e000-7f3318a9f000 r--p 00107000 08:05 6689253                    /lib/x86_64-linux-gnu/libm-2.23.so
7f3318a9f000-7f3318aa0000 rw-p 00108000 08:05 6689253                    /lib/x86_64-linux-gnu/libm-2.23.so
7f3318aa0000-7f3319779000 r-xp 00000000 08:05 2885480                    /usr/lib/jvm/java-8-oracle/jre/lib/amd64/server/libjvm.so
7f3319779000-7f3319978000 ---p 00cd9000 08:05 2885480                    /usr/lib/jvm/java-8-oracle/jre/lib/amd64/server/libjvm.so
7f3319978000-7f3319a52000 rw-p 00cd8000 08:05 2885480                    /usr/lib/jvm/java-8-oracle/jre/lib/amd64/server/libjvm.so
7f3319a52000-7f3319a9d000 rw-p 00000000 00:00 0 
7f3319a9d000-7f3319c5d000 r-xp 00000000 08:05 6689605                    /lib/x86_64-linux-gnu/libc-2.23.so
7f3319c5d000-7f3319e5d000 ---p 001c0000 08:05 6689605                    /lib/x86_64-linux-gnu/libc-2.23.so
7f3319e5d000-7f3319e61000 r--p 001c0000 08:05 6689605                    /lib/x86_64-linux-gnu/libc-2.23.so
7f3319e61000-7f3319e63000 rw-p 001c4000 08:05 6689605                    /lib/x86_64-linux-gnu/libc-2.23.so
7f3319e63000-7f3319e67000 rw-p 00000000 00:00 0 
7f3319e67000-7f3319e6a000 r-xp 00000000 08:05 6689607                    /lib/x86_64-linux-gnu/libdl-2.23.so
7f3319e6a000-7f331a069000 ---p 00003000 08:05 6689607                    /lib/x86_64-linux-gnu/libdl-2.23.so
7f331a069000-7f331a06a000 r--p 00002000 08:05 6689607                    /lib/x86_64-linux-gnu/libdl-2.23.so
7f331a06a000-7f331a06b000 rw-p 00003000 08:05 6689607                    /lib/x86_64-linux-gnu/libdl-2.23.so
7f331a06b000-7f331a081000 r-xp 00000000 08:05 10232887                   /usr/lib/jvm/java-8-oracle/lib/amd64/jli/libjli.so
7f331a081000-7f331a280000 ---p 00016000 08:05 10232887                   /usr/lib/jvm/java-8-oracle/lib/amd64/jli/libjli.so
7f331a280000-7f331a281000 rw-p 00015000 08:05 10232887                   /usr/lib/jvm/java-8-oracle/lib/amd64/jli/libjli.so
7f331a281000-7f331a299000 r-xp 00000000 08:05 6689604                    /lib/x86_64-linux-gnu/libpthread-2.23.so
7f331a299000-7f331a498000 ---p 00018000 08:05 6689604                    /lib/x86_64-linux-gnu/libpthread-2.23.so
7f331a498000-7f331a499000 r--p 00017000 08:05 6689604                    /lib/x86_64-linux-gnu/libpthread-2.23.so
7f331a499000-7f331a49a000 rw-p 00018000 08:05 6689604                    /lib/x86_64-linux-gnu/libpthread-2.23.so
7f331a49a000-7f331a49e000 rw-p 00000000 00:00 0 
7f331a49e000-7f331a4c4000 r-xp 00000000 08:05 6689603                    /lib/x86_64-linux-gnu/ld-2.23.so
7f331a5a2000-7f331a5a5000 ---p 00000000 00:00 0 
7f331a5a5000-7f331a6a7000 rw-p 00000000 00:00 0 
7f331a6b8000-7f331a6c0000 rw-s 00000000 08:05 4721226                    /tmp/hsperfdata_helbert/11460
7f331a6c0000-7f331a6c1000 rw-p 00000000 00:00 0 
7f331a6c1000-7f331a6c2000 r--p 00000000 00:00 0 
7f331a6c2000-7f331a6c3000 rw-p 00000000 00:00 0 
7f331a6c3000-7f331a6c4000 r--p 00025000 08:05 6689603                    /lib/x86_64-linux-gnu/ld-2.23.so
7f331a6c4000-7f331a6c5000 rw-p 00026000 08:05 6689603                    /lib/x86_64-linux-gnu/ld-2.23.so
7f331a6c5000-7f331a6c6000 rw-p 00000000 00:00 0 
7ffdcc740000-7ffdcc761000 rw-p 00000000 00:00 0                          [stack]
7ffdcc763000-7ffdcc766000 r--p 00000000 00:00 0                          [vvar]
7ffdcc766000-7ffdcc768000 r-xp 00000000 00:00 0                          [vdso]
ffffffffff600000-ffffffffff601000 r-xp 00000000 00:00 0                  [vsyscall]

VM Arguments:
jvm_args: -Dfile.encoding=UTF-8 -Xms7000m 
java_command: grafos.GrafoKruskalPrim -input v4.csv -output respprim.csv -representacao 2 -algorithm prim
java_class_path (initial): /home/helbert/Downloads/Grafos/build/classes
Launcher Type: SUN_STANDARD

Environment Variables:
JAVA_HOME=/usr/lib/jvm/java-8-oracle
PATH=/home/helbert/bin:/home/helbert/.local/bin:/usr/local/sbin:/usr/local/bin:/usr/sbin:/usr/bin:/sbin:/bin:/usr/games:/usr/local/games:/usr/lib/jvm/java-8-oracle/bin:/usr/lib/jvm/java-8-oracle/db/bin:/usr/lib/jvm/java-8-oracle/jre/bin
LD_LIBRARY_PATH=/usr/lib/jvm/java-8-oracle/bin/../jre/lib/amd64:/usr/lib/jvm/java-8-oracle/bin/../jre/lib/i386:
SHELL=/bin/bash
DISPLAY=:0

Signal Handlers:
SIGSEGV: [libjvm.so+0xad0890], sa_mask[0]=11111111011111111101111111111110, sa_flags=SA_RESTART|SA_SIGINFO
SIGBUS: [libjvm.so+0xad0890], sa_mask[0]=11111111011111111101111111111110, sa_flags=SA_RESTART|SA_SIGINFO
SIGFPE: [libjvm.so+0x928640], sa_mask[0]=11111111011111111101111111111110, sa_flags=SA_RESTART|SA_SIGINFO
SIGPIPE: [libjvm.so+0x928640], sa_mask[0]=11111111011111111101111111111110, sa_flags=SA_RESTART|SA_SIGINFO
SIGXFSZ: [libjvm.so+0x928640], sa_mask[0]=11111111011111111101111111111110, sa_flags=SA_RESTART|SA_SIGINFO
SIGILL: [libjvm.so+0x928640], sa_mask[0]=11111111011111111101111111111110, sa_flags=SA_RESTART|SA_SIGINFO
SIGUSR1: SIG_DFL, sa_mask[0]=00000000000000000000000000000000, sa_flags=none
SIGUSR2: [libjvm.so+0x929ea0], sa_mask[0]=00100000000000000000000000000000, sa_flags=SA_RESTART|SA_SIGINFO
SIGHUP: SIG_DFL, sa_mask[0]=00000000000000000000000000000000, sa_flags=none
SIGINT: SIG_IGN, sa_mask[0]=00000000000000000000000000000000, sa_flags=none
SIGTERM: SIG_DFL, sa_mask[0]=00000000000000000000000000000000, sa_flags=none
SIGQUIT: SIG_DFL, sa_mask[0]=00000000000000000000000000000000, sa_flags=none


---------------  S Y S T E M  ---------------

OS:DISTRIB_ID=LinuxMint
DISTRIB_RELEASE=18.3
DISTRIB_CODENAME=sylvia
DISTRIB_DESCRIPTION="Linux Mint 18.3 Sylvia"

uname:Linux 4.13.0-45-generic #50~16.04.1-Ubuntu SMP Wed May 30 11:18:27 UTC 2018 x86_64
libc:glibc 2.23 NPTL 2.23 
rlimit: STACK 8192k, CORE 0k, NPROC 15282, NOFILE 1048576, AS infinity
load average:0.41 0.54 0.48

/proc/meminfo:
MemTotal:        3968000 kB
MemFree:          105556 kB
MemAvailable:     483852 kB
Buffers:           61416 kB
Cached:           687672 kB
SwapCached:            0 kB
Active:          3164640 kB
Inactive:         497920 kB
Active(anon):    2916772 kB
Inactive(anon):   190352 kB
Active(file):     247868 kB
Inactive(file):   307568 kB
Unevictable:          64 kB
Mlocked:              64 kB
SwapTotal:             0 kB
SwapFree:              0 kB
Dirty:               472 kB
Writeback:             0 kB
AnonPages:       2913540 kB
Mapped:           229592 kB
Shmem:            193652 kB
Slab:              93440 kB
SReclaimable:      55280 kB
SUnreclaim:        38160 kB
KernelStack:        9856 kB
PageTables:        54932 kB
NFS_Unstable:          0 kB
Bounce:                0 kB
WritebackTmp:          0 kB
CommitLimit:     1984000 kB
Committed_AS:    8543984 kB
VmallocTotal:   34359738367 kB
VmallocUsed:           0 kB
VmallocChunk:          0 kB
HardwareCorrupted:     0 kB
AnonHugePages:         0 kB
ShmemHugePages:        0 kB
ShmemPmdMapped:        0 kB
CmaTotal:              0 kB
CmaFree:               0 kB
HugePages_Total:       0
HugePages_Free:        0
HugePages_Rsvd:        0
HugePages_Surp:        0
Hugepagesize:       2048 kB
DirectMap4k:      163140 kB
DirectMap2M:     3958784 kB


CPU:total 2 (initial active 2) (2 cores per cpu, 1 threads per core) family 6 model 23 stepping 10, cmov, cx8, fxsr, mmx, sse, sse2, sse3, ssse3, tsc

/proc/cpuinfo:
processor	: 0
vendor_id	: GenuineIntel
cpu family	: 6
model		: 23
model name	: Pentium(R) Dual-Core CPU       T4500  @ 2.30GHz
stepping	: 10
microcode	: 0xa07
cpu MHz		: 2294.148
cache size	: 1024 KB
physical id	: 0
siblings	: 2
core id		: 0
cpu cores	: 2
apicid		: 0
initial apicid	: 0
fpu		: yes
fpu_exception	: yes
cpuid level	: 13
wp		: yes
flags		: fpu vme de pse tsc msr pae mce cx8 apic sep mtrr pge mca cmov pat pse36 clflush dts acpi mmx fxsr sse sse2 ss ht tm pbe syscall nx lm constant_tsc arch_perfmon pebs bts rep_good nopl cpuid aperfmperf pni dtes64 monitor ds_cpl est tm2 ssse3 cx16 xtpr pdcm xsave lahf_lm pti retpoline dtherm
bugs		: cpu_meltdown spectre_v1 spectre_v2 spec_store_bypass
bogomips	: 4588.29
clflush size	: 64
cache_alignment	: 64
address sizes	: 36 bits physical, 48 bits virtual
power management:

processor	: 1
vendor_id	: GenuineIntel
cpu family	: 6
model		: 23
model name	: Pentium(R) Dual-Core CPU       T4500  @ 2.30GHz
stepping	: 10
microcode	: 0xa07
cpu MHz		: 2294.147
cache size	: 1024 KB
physical id	: 0
siblings	: 2
core id		: 1
cpu cores	: 2
apicid		: 1
initial apicid	: 1
fpu		: yes
fpu_exception	: yes
cpuid level	: 13
wp		: yes
flags		: fpu vme de pse tsc msr pae mce cx8 apic sep mtrr pge mca cmov pat pse36 clflush dts acpi mmx fxsr sse sse2 ss ht tm pbe syscall nx lm constant_tsc arch_perfmon pebs bts rep_good nopl cpuid aperfmperf pni dtes64 monitor ds_cpl est tm2 ssse3 cx16 xtpr pdcm xsave lahf_lm pti retpoline dtherm
bugs		: cpu_meltdown spectre_v1 spectre_v2 spec_store_bypass
bogomips	: 4588.29
clflush size	: 64
cache_alignment	: 64
address sizes	: 36 bits physical, 48 bits virtual
power management:



Memory: 4k page, physical 3968000k(105432k free), swap 0k(0k free)

vm_info: Java HotSpot(TM) 64-Bit Server VM (25.171-b11) for linux-amd64 JRE (1.8.0_171-b11), built on Mar 28 2018 17:07:08 by "java_re" with gcc 4.3.0 20080428 (Red Hat 4.3.0-8)

time: Sat Jun 30 10:26:01 2018
elapsed time: 0 seconds (0d 0h 0m 0s)

